<?xml version="1.0" encoding="UTF-8" ?>
<testsuite tests="18" failures="0" name="org.springframework.cloud.bootstrap.config.BootstrapConfigurationTests" time="1.927" errors="0" skipped="0">
  <properties>
    <property name="java.runtime.name" value="Java(TM) SE Runtime Environment"/>
    <property name="sun.boot.library.path" value="/Library/Java/JavaVirtualMachines/jdk1.8.0_131.jdk/Contents/Home/jre/lib"/>
    <property name="java.vm.version" value="25.131-b11"/>
    <property name="gopherProxySet" value="false"/>
    <property name="java.vm.vendor" value="Oracle Corporation"/>
    <property name="maven.multiModuleProjectDirectory" value="/Users/mgrzejszczak/repo/spring-cloud-commons"/>
    <property name="java.vendor.url" value="http://java.oracle.com/"/>
    <property name="path.separator" value=":"/>
    <property name="guice.disable.misplaced.annotation.check" value="true"/>
    <property name="java.vm.name" value="Java HotSpot(TM) 64-Bit Server VM"/>
    <property name="file.encoding.pkg" value="sun.io"/>
    <property name="user.country" value="US"/>
    <property name="sun.java.launcher" value="SUN_STANDARD"/>
    <property name="sun.os.patch.level" value="unknown"/>
    <property name="java.vm.specification.name" value="Java Virtual Machine Specification"/>
    <property name="user.dir" value="/Users/mgrzejszczak/repo/spring-cloud-commons"/>
    <property name="java.runtime.version" value="1.8.0_131-b11"/>
    <property name="java.awt.graphicsenv" value="sun.awt.CGraphicsEnvironment"/>
    <property name="java.endorsed.dirs" value="/Library/Java/JavaVirtualMachines/jdk1.8.0_131.jdk/Contents/Home/jre/lib/endorsed"/>
    <property name="os.arch" value="x86_64"/>
    <property name="java.io.tmpdir" value="/var/folders/dr/4q2932wd67g1rkkclh52h_pc0000gq/T/"/>
    <property name="line.separator" value="
"/>
    <property name="java.vm.specification.vendor" value="Oracle Corporation"/>
    <property name="os.name" value="Mac OS X"/>
    <property name="classworlds.conf" value="/Users/mgrzejszczak/.m2/wrapper/dists/apache-maven-3.5.0-bin/6ps54u5pnnbbpr6ds9rppcc7iv/apache-maven-3.5.0/bin/m2.conf"/>
    <property name="sun.jnu.encoding" value="UTF-8"/>
    <property name="java.library.path" value="/Users/mgrzejszczak/Library/Java/Extensions:/Library/Java/Extensions:/Network/Library/Java/Extensions:/System/Library/Java/Extensions:/usr/lib/java:."/>
    <property name="maven.conf" value="/Users/mgrzejszczak/.m2/wrapper/dists/apache-maven-3.5.0-bin/6ps54u5pnnbbpr6ds9rppcc7iv/apache-maven-3.5.0/conf"/>
    <property name="altSnapshotDeploymentRepository" value="repo.spring.io::default::https://repo.spring.io/libs-snapshot-local"/>
    <property name="java.specification.name" value="Java Platform API Specification"/>
    <property name="java.class.version" value="52.0"/>
    <property name="sun.management.compiler" value="HotSpot 64-Bit Tiered Compilers"/>
    <property name="os.version" value="10.12.6"/>
    <property name="library.jansi.path" value="/Users/mgrzejszczak/.m2/wrapper/dists/apache-maven-3.5.0-bin/6ps54u5pnnbbpr6ds9rppcc7iv/apache-maven-3.5.0/lib/jansi-native/osx64"/>
    <property name="http.nonProxyHosts" value="local|*.local|169.254/16|*.169.254/16"/>
    <property name="user.home" value="/Users/mgrzejszczak"/>
    <property name="user.timezone" value="Europe/Warsaw"/>
    <property name="java.awt.printerjob" value="sun.lwawt.macosx.CPrinterJob"/>
    <property name="java.specification.version" value="1.8"/>
    <property name="file.encoding" value="UTF-8"/>
    <property name="user.name" value="mgrzejszczak"/>
    <property name="java.class.path" value="/Users/mgrzejszczak/repo/spring-cloud-commons/.mvn/wrapper/maven-wrapper.jar"/>
    <property name="java.vm.specification.version" value="1.8"/>
    <property name="sun.arch.data.model" value="64"/>
    <property name="java.home" value="/Library/Java/JavaVirtualMachines/jdk1.8.0_131.jdk/Contents/Home/jre"/>
    <property name="sun.java.command" value="org.apache.maven.wrapper.MavenWrapperMain clean install"/>
    <property name="java.specification.vendor" value="Oracle Corporation"/>
    <property name="user.language" value="en"/>
    <property name="awt.toolkit" value="sun.lwawt.macosx.LWCToolkit"/>
    <property name="java.vm.info" value="mixed mode"/>
    <property name="java.version" value="1.8.0_131"/>
    <property name="java.ext.dirs" value="/Users/mgrzejszczak/Library/Java/Extensions:/Library/Java/JavaVirtualMachines/jdk1.8.0_131.jdk/Contents/Home/jre/lib/ext:/Library/Java/Extensions:/Network/Library/Java/Extensions:/System/Library/Java/Extensions:/usr/lib/java"/>
    <property name="sun.boot.class.path" value="/Library/Java/JavaVirtualMachines/jdk1.8.0_131.jdk/Contents/Home/jre/lib/resources.jar:/Library/Java/JavaVirtualMachines/jdk1.8.0_131.jdk/Contents/Home/jre/lib/rt.jar:/Library/Java/JavaVirtualMachines/jdk1.8.0_131.jdk/Contents/Home/jre/lib/sunrsasign.jar:/Library/Java/JavaVirtualMachines/jdk1.8.0_131.jdk/Contents/Home/jre/lib/jsse.jar:/Library/Java/JavaVirtualMachines/jdk1.8.0_131.jdk/Contents/Home/jre/lib/jce.jar:/Library/Java/JavaVirtualMachines/jdk1.8.0_131.jdk/Contents/Home/jre/lib/charsets.jar:/Library/Java/JavaVirtualMachines/jdk1.8.0_131.jdk/Contents/Home/jre/lib/jfr.jar:/Library/Java/JavaVirtualMachines/jdk1.8.0_131.jdk/Contents/Home/jre/classes"/>
    <property name="java.vendor" value="Oracle Corporation"/>
    <property name="maven.home" value="/Users/mgrzejszczak/.m2/wrapper/dists/apache-maven-3.5.0-bin/6ps54u5pnnbbpr6ds9rppcc7iv/apache-maven-3.5.0"/>
    <property name="file.separator" value="/"/>
    <property name="java.security.egd" value="file:/dev/./urandom"/>
    <property name="java.vendor.url.bug" value="http://bugreport.sun.com/bugreport/"/>
    <property name="sun.cpu.endian" value="little"/>
    <property name="sun.io.unicode.encoding" value="UnicodeBig"/>
    <property name="socksNonProxyHosts" value="local|*.local|169.254/16|*.169.254/16"/>
    <property name="ftp.nonProxyHosts" value="local|*.local|169.254/16|*.169.254/16"/>
    <property name="sun.cpu.isalist" value=""/>
  </properties>
  <testcase classname="org.springframework.cloud.bootstrap.config.BootstrapConfigurationTests" name="systemPropertyOverrideWhenOverrideDisallowed" time="0.088"/>
  <testcase classname="org.springframework.cloud.bootstrap.config.BootstrapConfigurationTests" name="applicationNameInBootstrapAndMain" time="0.083"/>
  <testcase classname="org.springframework.cloud.bootstrap.config.BootstrapConfigurationTests" name="includeProfileFromBootstrapPropertySource" time="0.09"/>
  <testcase classname="org.springframework.cloud.bootstrap.config.BootstrapConfigurationTests" name="onlyOneBootstrapContext" time="0.113"/>
  <testcase classname="org.springframework.cloud.bootstrap.config.BootstrapConfigurationTests" name="differentProfileInChild" time="0.115"/>
  <testcase classname="org.springframework.cloud.bootstrap.config.BootstrapConfigurationTests" name="applicationNameNotInBootstrap" time="0.081"/>
  <testcase classname="org.springframework.cloud.bootstrap.config.BootstrapConfigurationTests" name="overrideSystemPropertySourceByDefault" time="0.087"/>
  <testcase classname="org.springframework.cloud.bootstrap.config.BootstrapConfigurationTests" name="picksUpAdditionalPropertySource" time="0.084"/>
  <testcase classname="org.springframework.cloud.bootstrap.config.BootstrapConfigurationTests" name="failsOnPropertySource" time="0.071"/>
  <testcase classname="org.springframework.cloud.bootstrap.config.BootstrapConfigurationTests" name="environmentEnrichedOnceWhenSharedWithChildContext" time="0.129"/>
  <testcase classname="org.springframework.cloud.bootstrap.config.BootstrapConfigurationTests" name="bootstrapPropertiesAvailableInInitializer" time="0.103"/>
  <testcase classname="org.springframework.cloud.bootstrap.config.BootstrapConfigurationTests" name="applicationNameOnlyInBootstrap" time="0.107"/>
  <testcase classname="org.springframework.cloud.bootstrap.config.BootstrapConfigurationTests" name="pickupExternalBootstrapProperties" time="0.114"/>
  <testcase classname="org.springframework.cloud.bootstrap.config.BootstrapConfigurationTests" name="systemPropertyOverrideFalseWhenOverrideAllowed" time="0.147"/>
  <testcase classname="org.springframework.cloud.bootstrap.config.BootstrapConfigurationTests" name="bootstrapContextSharedBySiblings" time="0.166"/>
  <testcase classname="org.springframework.cloud.bootstrap.config.BootstrapConfigurationTests" name="overrideAllWhenOverrideAllowed" time="0.1"/>
  <testcase classname="org.springframework.cloud.bootstrap.config.BootstrapConfigurationTests" name="environmentEnrichedInParentContext" time="0.143"/>
  <testcase classname="org.springframework.cloud.bootstrap.config.BootstrapConfigurationTests" name="systemPropertyOverrideFalse" time="0.106"/>
</testsuite>